============================= test session starts ==============================
platform linux -- Python 3.11.14, pytest-7.4.4, pluggy-1.6.0 -- /root/.cache/pypoetry/virtualenvs/luminous-nix-nU8xxam3-py3.11/bin/python
cachedir: .pytest_cache
rootdir: /home/user/luminous-nix
configfile: pytest.ini
plugins: anyio-4.10.0, hydra-core-1.3.2, asyncio-0.21.2, cov-4.1.0, mock-3.14.1, requests-mock-1.12.1
asyncio: mode=Mode.STRICT
collecting ... collected 295 items / 29 errors

==================================== ERRORS ====================================
_____________ ERROR collecting tests/e2e/test_persona_journeys.py ______________
/root/.cache/pypoetry/virtualenvs/luminous-nix-nU8xxam3-py3.11/lib/python3.11/site-packages/_pytest/python.py:617: in _importtestmodule
    mod = import_path(self.path, mode=importmode, root=self.config.rootpath)
/root/.cache/pypoetry/virtualenvs/luminous-nix-nU8xxam3-py3.11/lib/python3.11/site-packages/_pytest/pathlib.py:567: in import_path
    importlib.import_module(module_name)
/usr/lib/python3.11/importlib/__init__.py:126: in import_module
    return _bootstrap._gcd_import(name[level:], package, level)
<frozen importlib._bootstrap>:1204: in _gcd_import
    ???
<frozen importlib._bootstrap>:1176: in _find_and_load
    ???
<frozen importlib._bootstrap>:1147: in _find_and_load_unlocked
    ???
<frozen importlib._bootstrap>:690: in _load_unlocked
    ???
/root/.cache/pypoetry/virtualenvs/luminous-nix-nU8xxam3-py3.11/lib/python3.11/site-packages/_pytest/assertion/rewrite.py:186: in exec_module
    exec(co, module.__dict__)
tests/e2e/test_persona_journeys.py:20: in <module>
    from luminous_nix.core.engine import NixForHumanityBackend as Engine
src/luminous_nix/core/engine.py:48: in <module>
    from .nix_integration import NATIVE_API_AVAILABLE, NixOSIntegration
src/luminous_nix/core/nix_integration.py:22: in <module>
    from luminous_nix.core.native_operations import (
E     File "/home/user/luminous-nix/src/luminous_nix/core/native_operations.py", line 556
E       2-5 seconds_ops = [
E           ^^^^^^^^^^^
E   SyntaxError: invalid syntax
________ ERROR collecting tests/integration/test_ai_nlp_integration.py _________
/root/.cache/pypoetry/virtualenvs/luminous-nix-nU8xxam3-py3.11/lib/python3.11/site-packages/_pytest/python.py:617: in _importtestmodule
    mod = import_path(self.path, mode=importmode, root=self.config.rootpath)
/root/.cache/pypoetry/virtualenvs/luminous-nix-nU8xxam3-py3.11/lib/python3.11/site-packages/_pytest/pathlib.py:567: in import_path
    importlib.import_module(module_name)
/usr/lib/python3.11/importlib/__init__.py:126: in import_module
    return _bootstrap._gcd_import(name[level:], package, level)
<frozen importlib._bootstrap>:1204: in _gcd_import
    ???
<frozen importlib._bootstrap>:1176: in _find_and_load
    ???
<frozen importlib._bootstrap>:1147: in _find_and_load_unlocked
    ???
<frozen importlib._bootstrap>:690: in _load_unlocked
    ???
/root/.cache/pypoetry/virtualenvs/luminous-nix-nU8xxam3-py3.11/lib/python3.11/site-packages/_pytest/assertion/rewrite.py:177: in exec_module
    source_stat, co = _rewrite_test(fn, self.config)
/root/.cache/pypoetry/virtualenvs/luminous-nix-nU8xxam3-py3.11/lib/python3.11/site-packages/_pytest/assertion/rewrite.py:359: in _rewrite_test
    tree = ast.parse(source, filename=strfn)
/usr/lib/python3.11/ast.py:50: in parse
    return compile(source, filename, mode, flags,
E     File "/home/user/luminous-nix/tests/integration/test_ai_nlp_integration.py", line 98
E       user_id, base_response, context
E   IndentationError: unexpected indent
______ ERROR collecting tests/integration/test_cli_backend_integration.py ______
/root/.cache/pypoetry/virtualenvs/luminous-nix-nU8xxam3-py3.11/lib/python3.11/site-packages/_pytest/python.py:617: in _importtestmodule
    mod = import_path(self.path, mode=importmode, root=self.config.rootpath)
/root/.cache/pypoetry/virtualenvs/luminous-nix-nU8xxam3-py3.11/lib/python3.11/site-packages/_pytest/pathlib.py:567: in import_path
    importlib.import_module(module_name)
/usr/lib/python3.11/importlib/__init__.py:126: in import_module
    return _bootstrap._gcd_import(name[level:], package, level)
<frozen importlib._bootstrap>:1204: in _gcd_import
    ???
<frozen importlib._bootstrap>:1176: in _find_and_load
    ???
<frozen importlib._bootstrap>:1147: in _find_and_load_unlocked
    ???
<frozen importlib._bootstrap>:690: in _load_unlocked
    ???
/root/.cache/pypoetry/virtualenvs/luminous-nix-nU8xxam3-py3.11/lib/python3.11/site-packages/_pytest/assertion/rewrite.py:186: in exec_module
    exec(co, module.__dict__)
tests/integration/test_cli_backend_integration.py:23: in <module>
    from luminous_nix.core.native_operations import (
E     File "/home/user/luminous-nix/src/luminous_nix/core/native_operations.py", line 556
E       2-5 seconds_ops = [
E           ^^^^^^^^^^^
E   SyntaxError: invalid syntax
_________ ERROR collecting tests/integration/test_cli_core_pipeline.py _________
/root/.cache/pypoetry/virtualenvs/luminous-nix-nU8xxam3-py3.11/lib/python3.11/site-packages/_pytest/python.py:617: in _importtestmodule
    mod = import_path(self.path, mode=importmode, root=self.config.rootpath)
/root/.cache/pypoetry/virtualenvs/luminous-nix-nU8xxam3-py3.11/lib/python3.11/site-packages/_pytest/pathlib.py:567: in import_path
    importlib.import_module(module_name)
/usr/lib/python3.11/importlib/__init__.py:126: in import_module
    return _bootstrap._gcd_import(name[level:], package, level)
<frozen importlib._bootstrap>:1204: in _gcd_import
    ???
<frozen importlib._bootstrap>:1176: in _find_and_load
    ???
<frozen importlib._bootstrap>:1147: in _find_and_load_unlocked
    ???
<frozen importlib._bootstrap>:690: in _load_unlocked
    ???
/root/.cache/pypoetry/virtualenvs/luminous-nix-nU8xxam3-py3.11/lib/python3.11/site-packages/_pytest/assertion/rewrite.py:186: in exec_module
    exec(co, module.__dict__)
tests/integration/test_cli_core_pipeline.py:29: in <module>
    from luminous_nix.core.engine import NixForHumanityBackend as Engine
src/luminous_nix/core/engine.py:48: in <module>
    from .nix_integration import NATIVE_API_AVAILABLE, NixOSIntegration
src/luminous_nix/core/nix_integration.py:22: in <module>
    from luminous_nix.core.native_operations import (
E     File "/home/user/luminous-nix/src/luminous_nix/core/native_operations.py", line 556
E       2-5 seconds_ops = [
E           ^^^^^^^^^^^
E   SyntaxError: invalid syntax
__ ERROR collecting tests/integration/test_error_intelligence_integration.py ___
ImportError while importing test module '/home/user/luminous-nix/tests/integration/test_error_intelligence_integration.py'.
Hint: make sure your test modules/packages have valid Python names.
Traceback:
/root/.cache/pypoetry/virtualenvs/luminous-nix-nU8xxam3-py3.11/lib/python3.11/site-packages/_pytest/python.py:617: in _importtestmodule
    mod = import_path(self.path, mode=importmode, root=self.config.rootpath)
/root/.cache/pypoetry/virtualenvs/luminous-nix-nU8xxam3-py3.11/lib/python3.11/site-packages/_pytest/pathlib.py:567: in import_path
    importlib.import_module(module_name)
/usr/lib/python3.11/importlib/__init__.py:126: in import_module
    return _bootstrap._gcd_import(name[level:], package, level)
<frozen importlib._bootstrap>:1204: in _gcd_import
    ???
<frozen importlib._bootstrap>:1176: in _find_and_load
    ???
<frozen importlib._bootstrap>:1147: in _find_and_load_unlocked
    ???
<frozen importlib._bootstrap>:690: in _load_unlocked
    ???
/root/.cache/pypoetry/virtualenvs/luminous-nix-nU8xxam3-py3.11/lib/python3.11/site-packages/_pytest/assertion/rewrite.py:186: in exec_module
    exec(co, module.__dict__)
tests/integration/test_error_intelligence_integration.py:11: in <module>
    from luminous_nix.core.backend import NixBackend as EnhancedBackend
E   ModuleNotFoundError: No module named 'luminous_nix.core.backend'
______ ERROR collecting tests/integration/test_native_operations_real.py _______
/root/.cache/pypoetry/virtualenvs/luminous-nix-nU8xxam3-py3.11/lib/python3.11/site-packages/_pytest/python.py:617: in _importtestmodule
    mod = import_path(self.path, mode=importmode, root=self.config.rootpath)
/root/.cache/pypoetry/virtualenvs/luminous-nix-nU8xxam3-py3.11/lib/python3.11/site-packages/_pytest/pathlib.py:567: in import_path
    importlib.import_module(module_name)
/usr/lib/python3.11/importlib/__init__.py:126: in import_module
    return _bootstrap._gcd_import(name[level:], package, level)
<frozen importlib._bootstrap>:1204: in _gcd_import
    ???
<frozen importlib._bootstrap>:1176: in _find_and_load
    ???
<frozen importlib._bootstrap>:1147: in _find_and_load_unlocked
    ???
<frozen importlib._bootstrap>:690: in _load_unlocked
    ???
/root/.cache/pypoetry/virtualenvs/luminous-nix-nU8xxam3-py3.11/lib/python3.11/site-packages/_pytest/assertion/rewrite.py:186: in exec_module
    exec(co, module.__dict__)
tests/integration/test_native_operations_real.py:11: in <module>
    from luminous_nix.core.native_operations import (
E     File "/home/user/luminous-nix/src/luminous_nix/core/native_operations.py", line 556
E       2-5 seconds_ops = [
E           ^^^^^^^^^^^
E   SyntaxError: invalid syntax
___________ ERROR collecting tests/integration/test_real_commands.py ___________
/root/.cache/pypoetry/virtualenvs/luminous-nix-nU8xxam3-py3.11/lib/python3.11/site-packages/_pytest/python.py:617: in _importtestmodule
    mod = import_path(self.path, mode=importmode, root=self.config.rootpath)
/root/.cache/pypoetry/virtualenvs/luminous-nix-nU8xxam3-py3.11/lib/python3.11/site-packages/_pytest/pathlib.py:567: in import_path
    importlib.import_module(module_name)
/usr/lib/python3.11/importlib/__init__.py:126: in import_module
    return _bootstrap._gcd_import(name[level:], package, level)
<frozen importlib._bootstrap>:1204: in _gcd_import
    ???
<frozen importlib._bootstrap>:1176: in _find_and_load
    ???
<frozen importlib._bootstrap>:1147: in _find_and_load_unlocked
    ???
<frozen importlib._bootstrap>:690: in _load_unlocked
    ???
/root/.cache/pypoetry/virtualenvs/luminous-nix-nU8xxam3-py3.11/lib/python3.11/site-packages/_pytest/assertion/rewrite.py:186: in exec_module
    exec(co, module.__dict__)
tests/integration/test_real_commands.py:17: in <module>
    from luminous_nix.core.engine import LuminousNixBackend
src/luminous_nix/core/engine.py:48: in <module>
    from .nix_integration import NATIVE_API_AVAILABLE, NixOSIntegration
src/luminous_nix/core/nix_integration.py:22: in <module>
    from luminous_nix.core.native_operations import (
E     File "/home/user/luminous-nix/src/luminous_nix/core/native_operations.py", line 556
E       2-5 seconds_ops = [
E           ^^^^^^^^^^^
E   SyntaxError: invalid syntax
_______ ERROR collecting tests/integration/test_real_nixos_operations.py _______
/root/.cache/pypoetry/virtualenvs/luminous-nix-nU8xxam3-py3.11/lib/python3.11/site-packages/_pytest/python.py:617: in _importtestmodule
    mod = import_path(self.path, mode=importmode, root=self.config.rootpath)
/root/.cache/pypoetry/virtualenvs/luminous-nix-nU8xxam3-py3.11/lib/python3.11/site-packages/_pytest/pathlib.py:567: in import_path
    importlib.import_module(module_name)
/usr/lib/python3.11/importlib/__init__.py:126: in import_module
    return _bootstrap._gcd_import(name[level:], package, level)
<frozen importlib._bootstrap>:1204: in _gcd_import
    ???
<frozen importlib._bootstrap>:1176: in _find_and_load
    ???
<frozen importlib._bootstrap>:1147: in _find_and_load_unlocked
    ???
<frozen importlib._bootstrap>:690: in _load_unlocked
    ???
/root/.cache/pypoetry/virtualenvs/luminous-nix-nU8xxam3-py3.11/lib/python3.11/site-packages/_pytest/assertion/rewrite.py:186: in exec_module
    exec(co, module.__dict__)
tests/integration/test_real_nixos_operations.py:17: in <module>
    from luminous_nix.core.engine import NixForHumanityBackend
src/luminous_nix/core/engine.py:48: in <module>
    from .nix_integration import NATIVE_API_AVAILABLE, NixOSIntegration
src/luminous_nix/core/nix_integration.py:22: in <module>
    from luminous_nix.core.native_operations import (
E     File "/home/user/luminous-nix/src/luminous_nix/core/native_operations.py", line 556
E       2-5 seconds_ops = [
E           ^^^^^^^^^^^
E   SyntaxError: invalid syntax
________ ERROR collecting tests/integration/test_security_execution.py _________
ImportError while importing test module '/home/user/luminous-nix/tests/integration/test_security_execution.py'.
Hint: make sure your test modules/packages have valid Python names.
Traceback:
/root/.cache/pypoetry/virtualenvs/luminous-nix-nU8xxam3-py3.11/lib/python3.11/site-packages/_pytest/python.py:617: in _importtestmodule
    mod = import_path(self.path, mode=importmode, root=self.config.rootpath)
/root/.cache/pypoetry/virtualenvs/luminous-nix-nU8xxam3-py3.11/lib/python3.11/site-packages/_pytest/pathlib.py:567: in import_path
    importlib.import_module(module_name)
/usr/lib/python3.11/importlib/__init__.py:126: in import_module
    return _bootstrap._gcd_import(name[level:], package, level)
<frozen importlib._bootstrap>:1204: in _gcd_import
    ???
<frozen importlib._bootstrap>:1176: in _find_and_load
    ???
<frozen importlib._bootstrap>:1147: in _find_and_load_unlocked
    ???
<frozen importlib._bootstrap>:690: in _load_unlocked
    ???
/root/.cache/pypoetry/virtualenvs/luminous-nix-nU8xxam3-py3.11/lib/python3.11/site-packages/_pytest/assertion/rewrite.py:186: in exec_module
    exec(co, module.__dict__)
tests/integration/test_security_execution.py:17: in <module>
    from luminous_nix.core.executor import CommandExecutor as ExecutionEngine
E   ImportError: cannot import name 'CommandExecutor' from 'luminous_nix.core.executor' (/home/user/luminous-nix/src/luminous_nix/core/executor.py)
_______ ERROR collecting tests/performance/test_breakthrough_metrics.py ________
/root/.cache/pypoetry/virtualenvs/luminous-nix-nU8xxam3-py3.11/lib/python3.11/site-packages/_pytest/python.py:617: in _importtestmodule
    mod = import_path(self.path, mode=importmode, root=self.config.rootpath)
/root/.cache/pypoetry/virtualenvs/luminous-nix-nU8xxam3-py3.11/lib/python3.11/site-packages/_pytest/pathlib.py:567: in import_path
    importlib.import_module(module_name)
/usr/lib/python3.11/importlib/__init__.py:126: in import_module
    return _bootstrap._gcd_import(name[level:], package, level)
<frozen importlib._bootstrap>:1204: in _gcd_import
    ???
<frozen importlib._bootstrap>:1176: in _find_and_load
    ???
<frozen importlib._bootstrap>:1147: in _find_and_load_unlocked
    ???
<frozen importlib._bootstrap>:690: in _load_unlocked
    ???
/root/.cache/pypoetry/virtualenvs/luminous-nix-nU8xxam3-py3.11/lib/python3.11/site-packages/_pytest/assertion/rewrite.py:186: in exec_module
    exec(co, module.__dict__)
tests/performance/test_breakthrough_metrics.py:26: in <module>
    from luminous_nix.core.native_operations import (
E     File "/home/user/luminous-nix/src/luminous_nix/core/native_operations.py", line 556
E       2-5 seconds_ops = [
E           ^^^^^^^^^^^
E   SyntaxError: invalid syntax
______ ERROR collecting tests/performance/test_native_api_performance.py _______
/root/.cache/pypoetry/virtualenvs/luminous-nix-nU8xxam3-py3.11/lib/python3.11/site-packages/_pytest/python.py:617: in _importtestmodule
    mod = import_path(self.path, mode=importmode, root=self.config.rootpath)
/root/.cache/pypoetry/virtualenvs/luminous-nix-nU8xxam3-py3.11/lib/python3.11/site-packages/_pytest/pathlib.py:567: in import_path
    importlib.import_module(module_name)
/usr/lib/python3.11/importlib/__init__.py:126: in import_module
    return _bootstrap._gcd_import(name[level:], package, level)
<frozen importlib._bootstrap>:1204: in _gcd_import
    ???
<frozen importlib._bootstrap>:1176: in _find_and_load
    ???
<frozen importlib._bootstrap>:1147: in _find_and_load_unlocked
    ???
<frozen importlib._bootstrap>:690: in _load_unlocked
    ???
/root/.cache/pypoetry/virtualenvs/luminous-nix-nU8xxam3-py3.11/lib/python3.11/site-packages/_pytest/assertion/rewrite.py:186: in exec_module
    exec(co, module.__dict__)
tests/performance/test_native_api_performance.py:23: in <module>
    from luminous_nix.core.native_operations import (
E     File "/home/user/luminous-nix/src/luminous_nix/core/native_operations.py", line 556
E       2-5 seconds_ops = [
E           ^^^^^^^^^^^
E   SyntaxError: invalid syntax
__________ ERROR collecting tests/test_utils/test_implementations.py ___________
/root/.cache/pypoetry/virtualenvs/luminous-nix-nU8xxam3-py3.11/lib/python3.11/site-packages/_pytest/python.py:617: in _importtestmodule
    mod = import_path(self.path, mode=importmode, root=self.config.rootpath)
/root/.cache/pypoetry/virtualenvs/luminous-nix-nU8xxam3-py3.11/lib/python3.11/site-packages/_pytest/pathlib.py:567: in import_path
    importlib.import_module(module_name)
/usr/lib/python3.11/importlib/__init__.py:126: in import_module
    return _bootstrap._gcd_import(name[level:], package, level)
<frozen importlib._bootstrap>:1204: in _gcd_import
    ???
<frozen importlib._bootstrap>:1176: in _find_and_load
    ???
<frozen importlib._bootstrap>:1126: in _find_and_load_unlocked
    ???
<frozen importlib._bootstrap>:241: in _call_with_frames_removed
    ???
<frozen importlib._bootstrap>:1204: in _gcd_import
    ???
<frozen importlib._bootstrap>:1176: in _find_and_load
    ???
<frozen importlib._bootstrap>:1147: in _find_and_load_unlocked
    ???
<frozen importlib._bootstrap>:690: in _load_unlocked
    ???
<frozen importlib._bootstrap_external>:940: in exec_module
    ???
<frozen importlib._bootstrap>:241: in _call_with_frames_removed
    ???
tests/test_utils/__init__.py:9: in <module>
    from .test_implementations import (
<frozen importlib._bootstrap>:1176: in _find_and_load
    ???
<frozen importlib._bootstrap>:1147: in _find_and_load_unlocked
    ???
<frozen importlib._bootstrap>:690: in _load_unlocked
    ???
/root/.cache/pypoetry/virtualenvs/luminous-nix-nU8xxam3-py3.11/lib/python3.11/site-packages/_pytest/assertion/rewrite.py:177: in exec_module
    source_stat, co = _rewrite_test(fn, self.config)
/root/.cache/pypoetry/virtualenvs/luminous-nix-nU8xxam3-py3.11/lib/python3.11/site-packages/_pytest/assertion/rewrite.py:359: in _rewrite_test
    tree = ast.parse(source, filename=strfn)
/usr/lib/python3.11/ast.py:50: in parse
    return compile(source, filename, mode, flags,
E     File "/home/user/luminous-nix/tests/test_utils/test_implementations.py", line 499
E       params.get('context', {}).get('user_id', 'default'),
E   IndentationError: unexpected indent
______________ ERROR collecting tests/unit/test_adaptive_voice.py ______________
/root/.cache/pypoetry/virtualenvs/luminous-nix-nU8xxam3-py3.11/lib/python3.11/site-packages/_pytest/python.py:617: in _importtestmodule
    mod = import_path(self.path, mode=importmode, root=self.config.rootpath)
/root/.cache/pypoetry/virtualenvs/luminous-nix-nU8xxam3-py3.11/lib/python3.11/site-packages/_pytest/pathlib.py:567: in import_path
    importlib.import_module(module_name)
/usr/lib/python3.11/importlib/__init__.py:126: in import_module
    return _bootstrap._gcd_import(name[level:], package, level)
<frozen importlib._bootstrap>:1204: in _gcd_import
    ???
<frozen importlib._bootstrap>:1176: in _find_and_load
    ???
<frozen importlib._bootstrap>:1147: in _find_and_load_unlocked
    ???
<frozen importlib._bootstrap>:690: in _load_unlocked
    ???
/root/.cache/pypoetry/virtualenvs/luminous-nix-nU8xxam3-py3.11/lib/python3.11/site-packages/_pytest/assertion/rewrite.py:186: in exec_module
    exec(co, module.__dict__)
tests/unit/test_adaptive_voice.py:12: in <module>
    from luminous_nix.voice.unified_voice import (
src/luminous_nix/voice/__init__.py:34: in <module>
    from .voice_nlp_bridge import VoiceNLPBridge, VoiceContext, create_voice_bridge
src/luminous_nix/voice/voice_nlp_bridge.py:22: in <module>
    from ..core.engine import LuminousNixBackend
src/luminous_nix/core/engine.py:48: in <module>
    from .nix_integration import NATIVE_API_AVAILABLE, NixOSIntegration
src/luminous_nix/core/nix_integration.py:22: in <module>
    from luminous_nix.core.native_operations import (
E     File "/home/user/luminous-nix/src/luminous_nix/core/native_operations.py", line 556
E       2-5 seconds_ops = [
E           ^^^^^^^^^^^
E   SyntaxError: invalid syntax
_______________ ERROR collecting tests/unit/test_backend_core.py _______________
/root/.cache/pypoetry/virtualenvs/luminous-nix-nU8xxam3-py3.11/lib/python3.11/site-packages/_pytest/python.py:617: in _importtestmodule
    mod = import_path(self.path, mode=importmode, root=self.config.rootpath)
/root/.cache/pypoetry/virtualenvs/luminous-nix-nU8xxam3-py3.11/lib/python3.11/site-packages/_pytest/pathlib.py:567: in import_path
    importlib.import_module(module_name)
/usr/lib/python3.11/importlib/__init__.py:126: in import_module
    return _bootstrap._gcd_import(name[level:], package, level)
<frozen importlib._bootstrap>:1204: in _gcd_import
    ???
<frozen importlib._bootstrap>:1176: in _find_and_load
    ???
<frozen importlib._bootstrap>:1147: in _find_and_load_unlocked
    ???
<frozen importlib._bootstrap>:690: in _load_unlocked
    ???
/root/.cache/pypoetry/virtualenvs/luminous-nix-nU8xxam3-py3.11/lib/python3.11/site-packages/_pytest/assertion/rewrite.py:186: in exec_module
    exec(co, module.__dict__)
tests/unit/test_backend_core.py:29: in <module>
    from luminous_nix.core.engine import LuminousNixBackend, create_backend
src/luminous_nix/core/engine.py:48: in <module>
    from .nix_integration import NATIVE_API_AVAILABLE, NixOSIntegration
src/luminous_nix/core/nix_integration.py:22: in <module>
    from luminous_nix.core.native_operations import (
E     File "/home/user/luminous-nix/src/luminous_nix/core/native_operations.py", line 556
E       2-5 seconds_ops = [
E           ^^^^^^^^^^^
E   SyntaxError: invalid syntax
________________ ERROR collecting tests/unit/test_core_types.py ________________
ImportError while importing test module '/home/user/luminous-nix/tests/unit/test_core_types.py'.
Hint: make sure your test modules/packages have valid Python names.
Traceback:
/root/.cache/pypoetry/virtualenvs/luminous-nix-nU8xxam3-py3.11/lib/python3.11/site-packages/_pytest/python.py:617: in _importtestmodule
    mod = import_path(self.path, mode=importmode, root=self.config.rootpath)
/root/.cache/pypoetry/virtualenvs/luminous-nix-nU8xxam3-py3.11/lib/python3.11/site-packages/_pytest/pathlib.py:567: in import_path
    importlib.import_module(module_name)
/usr/lib/python3.11/importlib/__init__.py:126: in import_module
    return _bootstrap._gcd_import(name[level:], package, level)
<frozen importlib._bootstrap>:1204: in _gcd_import
    ???
<frozen importlib._bootstrap>:1176: in _find_and_load
    ???
<frozen importlib._bootstrap>:1147: in _find_and_load_unlocked
    ???
<frozen importlib._bootstrap>:690: in _load_unlocked
    ???
/root/.cache/pypoetry/virtualenvs/luminous-nix-nU8xxam3-py3.11/lib/python3.11/site-packages/_pytest/assertion/rewrite.py:186: in exec_module
    exec(co, module.__dict__)
tests/unit/test_core_types.py:15: in <module>
    from luminous_nix.core.intents import Intent, IntentType, Package, FeedbackItem
E   ImportError: cannot import name 'Package' from 'luminous_nix.core.intents' (/home/user/luminous-nix/src/luminous_nix/core/intents.py)
________ ERROR collecting tests/unit/test_educational_error_handler.py _________
tests/unit/test_educational_error_handler.py:29: in <module>
    spec.loader.exec_module(educational_error_handler)
<frozen importlib._bootstrap_external>:936: in exec_module
    ???
<frozen importlib._bootstrap_external>:1073: in get_code
    ???
<frozen importlib._bootstrap_external>:1130: in get_data
    ???
E   FileNotFoundError: [Errno 2] No such file or directory: '/home/user/luminous-nix/tests/unit/../../scripts/educational-error-handler.py'
____________ ERROR collecting tests/unit/test_feedback_collector.py ____________
ImportError while importing test module '/home/user/luminous-nix/tests/unit/test_feedback_collector.py'.
Hint: make sure your test modules/packages have valid Python names.
Traceback:
/root/.cache/pypoetry/virtualenvs/luminous-nix-nU8xxam3-py3.11/lib/python3.11/site-packages/_pytest/python.py:617: in _importtestmodule
    mod = import_path(self.path, mode=importmode, root=self.config.rootpath)
/root/.cache/pypoetry/virtualenvs/luminous-nix-nU8xxam3-py3.11/lib/python3.11/site-packages/_pytest/pathlib.py:567: in import_path
    importlib.import_module(module_name)
/usr/lib/python3.11/importlib/__init__.py:126: in import_module
    return _bootstrap._gcd_import(name[level:], package, level)
<frozen importlib._bootstrap>:1204: in _gcd_import
    ???
<frozen importlib._bootstrap>:1176: in _find_and_load
    ???
<frozen importlib._bootstrap>:1147: in _find_and_load_unlocked
    ???
<frozen importlib._bootstrap>:690: in _load_unlocked
    ???
/root/.cache/pypoetry/virtualenvs/luminous-nix-nU8xxam3-py3.11/lib/python3.11/site-packages/_pytest/assertion/rewrite.py:186: in exec_module
    exec(co, module.__dict__)
tests/unit/test_feedback_collector.py:28: in <module>
    from feedback_collector import FeedbackCollector
E   ModuleNotFoundError: No module named 'feedback_collector'
______________ ERROR collecting tests/unit/test_flake_manager.py _______________
ImportError while importing test module '/home/user/luminous-nix/tests/unit/test_flake_manager.py'.
Hint: make sure your test modules/packages have valid Python names.
Traceback:
/root/.cache/pypoetry/virtualenvs/luminous-nix-nU8xxam3-py3.11/lib/python3.11/site-packages/_pytest/python.py:617: in _importtestmodule
    mod = import_path(self.path, mode=importmode, root=self.config.rootpath)
/root/.cache/pypoetry/virtualenvs/luminous-nix-nU8xxam3-py3.11/lib/python3.11/site-packages/_pytest/pathlib.py:567: in import_path
    importlib.import_module(module_name)
/usr/lib/python3.11/importlib/__init__.py:126: in import_module
    return _bootstrap._gcd_import(name[level:], package, level)
<frozen importlib._bootstrap>:1204: in _gcd_import
    ???
<frozen importlib._bootstrap>:1176: in _find_and_load
    ???
<frozen importlib._bootstrap>:1147: in _find_and_load_unlocked
    ???
<frozen importlib._bootstrap>:690: in _load_unlocked
    ???
/root/.cache/pypoetry/virtualenvs/luminous-nix-nU8xxam3-py3.11/lib/python3.11/site-packages/_pytest/assertion/rewrite.py:186: in exec_module
    exec(co, module.__dict__)
tests/unit/test_flake_manager.py:11: in <module>
    from luminous_nix.core.flake_manager import (
E   ImportError: cannot import name 'FlakeInput' from 'luminous_nix.core.flake_manager' (/home/user/luminous-nix/src/luminous_nix/core/flake_manager.py)
______________ ERROR collecting tests/unit/test_hrm_use_cases.py _______________
/root/.cache/pypoetry/virtualenvs/luminous-nix-nU8xxam3-py3.11/lib/python3.11/site-packages/_pytest/python.py:617: in _importtestmodule
    mod = import_path(self.path, mode=importmode, root=self.config.rootpath)
/root/.cache/pypoetry/virtualenvs/luminous-nix-nU8xxam3-py3.11/lib/python3.11/site-packages/_pytest/pathlib.py:567: in import_path
    importlib.import_module(module_name)
/usr/lib/python3.11/importlib/__init__.py:126: in import_module
    return _bootstrap._gcd_import(name[level:], package, level)
<frozen importlib._bootstrap>:1204: in _gcd_import
    ???
<frozen importlib._bootstrap>:1176: in _find_and_load
    ???
<frozen importlib._bootstrap>:1147: in _find_and_load_unlocked
    ???
<frozen importlib._bootstrap>:690: in _load_unlocked
    ???
/root/.cache/pypoetry/virtualenvs/luminous-nix-nU8xxam3-py3.11/lib/python3.11/site-packages/_pytest/assertion/rewrite.py:177: in exec_module
    source_stat, co = _rewrite_test(fn, self.config)
/root/.cache/pypoetry/virtualenvs/luminous-nix-nU8xxam3-py3.11/lib/python3.11/site-packages/_pytest/assertion/rewrite.py:359: in _rewrite_test
    tree = ast.parse(source, filename=strfn)
/usr/lib/python3.11/ast.py:50: in parse
    return compile(source, filename, mode, flags,
E     File "/home/user/luminous-nix/tests/unit/test_hrm_use_cases.py", line 180
E       print(f"  📋 Config preview: {result.solution.split('\\n')[0][:60]}...")
E                                                                             ^
E   SyntaxError: f-string expression part cannot include a backslash
______________ ERROR collecting tests/unit/test_jsonrpc_server.py ______________
src/luminous_nix/core/__init__.py:75: in <module>
    RealNixBackend = UnifiedNixBackend
E   NameError: name 'UnifiedNixBackend' is not defined

During handling of the above exception, another exception occurred:
tests/unit/test_jsonrpc_server.py:28: in <module>
    from core.jsonrpc_server import JSONRPCServer, JSONRPCError
src/luminous_nix/core/__init__.py:87: in <module>
    LuminousNixCore = UnifiedNixBackend
E   NameError: name 'UnifiedNixBackend' is not defined
______________ ERROR collecting tests/unit/test_knowledge_base.py ______________
ImportError while importing test module '/home/user/luminous-nix/tests/unit/test_knowledge_base.py'.
Hint: make sure your test modules/packages have valid Python names.
Traceback:
/root/.cache/pypoetry/virtualenvs/luminous-nix-nU8xxam3-py3.11/lib/python3.11/site-packages/_pytest/python.py:617: in _importtestmodule
    mod = import_path(self.path, mode=importmode, root=self.config.rootpath)
/root/.cache/pypoetry/virtualenvs/luminous-nix-nU8xxam3-py3.11/lib/python3.11/site-packages/_pytest/pathlib.py:567: in import_path
    importlib.import_module(module_name)
/usr/lib/python3.11/importlib/__init__.py:126: in import_module
    return _bootstrap._gcd_import(name[level:], package, level)
<frozen importlib._bootstrap>:1204: in _gcd_import
    ???
<frozen importlib._bootstrap>:1176: in _find_and_load
    ???
<frozen importlib._bootstrap>:1147: in _find_and_load_unlocked
    ???
<frozen importlib._bootstrap>:690: in _load_unlocked
    ???
/root/.cache/pypoetry/virtualenvs/luminous-nix-nU8xxam3-py3.11/lib/python3.11/site-packages/_pytest/assertion/rewrite.py:186: in exec_module
    exec(co, module.__dict__)
tests/unit/test_knowledge_base.py:18: in <module>
    from luminous_nix.core.knowledge import KnowledgeBase, PackageInfo
E   ImportError: cannot import name 'PackageInfo' from 'luminous_nix.core.knowledge' (/home/user/luminous-nix/src/luminous_nix/core/knowledge.py)
____________ ERROR collecting tests/unit/test_learning_feedback.py _____________
ImportError while importing test module '/home/user/luminous-nix/tests/unit/test_learning_feedback.py'.
Hint: make sure your test modules/packages have valid Python names.
Traceback:
/root/.cache/pypoetry/virtualenvs/luminous-nix-nU8xxam3-py3.11/lib/python3.11/site-packages/_pytest/python.py:617: in _importtestmodule
    mod = import_path(self.path, mode=importmode, root=self.config.rootpath)
/root/.cache/pypoetry/virtualenvs/luminous-nix-nU8xxam3-py3.11/lib/python3.11/site-packages/_pytest/pathlib.py:567: in import_path
    importlib.import_module(module_name)
/usr/lib/python3.11/importlib/__init__.py:126: in import_module
    return _bootstrap._gcd_import(name[level:], package, level)
<frozen importlib._bootstrap>:1204: in _gcd_import
    ???
<frozen importlib._bootstrap>:1176: in _find_and_load
    ???
<frozen importlib._bootstrap>:1147: in _find_and_load_unlocked
    ???
<frozen importlib._bootstrap>:690: in _load_unlocked
    ???
/root/.cache/pypoetry/virtualenvs/luminous-nix-nU8xxam3-py3.11/lib/python3.11/site-packages/_pytest/assertion/rewrite.py:186: in exec_module
    exec(co, module.__dict__)
tests/unit/test_learning_feedback.py:23: in <module>
    from luminous_nix.learning.feedback import FeedbackCollector
E   ModuleNotFoundError: No module named 'luminous_nix.learning.feedback'
_____________ ERROR collecting tests/unit/test_monitor_coverage.py _____________
ImportError while importing test module '/home/user/luminous-nix/tests/unit/test_monitor_coverage.py'.
Hint: make sure your test modules/packages have valid Python names.
Traceback:
/root/.cache/pypoetry/virtualenvs/luminous-nix-nU8xxam3-py3.11/lib/python3.11/site-packages/_pytest/python.py:617: in _importtestmodule
    mod = import_path(self.path, mode=importmode, root=self.config.rootpath)
/root/.cache/pypoetry/virtualenvs/luminous-nix-nU8xxam3-py3.11/lib/python3.11/site-packages/_pytest/pathlib.py:567: in import_path
    importlib.import_module(module_name)
/usr/lib/python3.11/importlib/__init__.py:126: in import_module
    return _bootstrap._gcd_import(name[level:], package, level)
<frozen importlib._bootstrap>:1204: in _gcd_import
    ???
<frozen importlib._bootstrap>:1176: in _find_and_load
    ???
<frozen importlib._bootstrap>:1147: in _find_and_load_unlocked
    ???
<frozen importlib._bootstrap>:690: in _load_unlocked
    ???
/root/.cache/pypoetry/virtualenvs/luminous-nix-nU8xxam3-py3.11/lib/python3.11/site-packages/_pytest/assertion/rewrite.py:186: in exec_module
    exec(co, module.__dict__)
tests/unit/test_monitor_coverage.py:26: in <module>
    from monitor_coverage import (
E   ModuleNotFoundError: No module named 'monitor_coverage'
____________ ERROR collecting tests/unit/test_native_nix_backend.py ____________
/root/.cache/pypoetry/virtualenvs/luminous-nix-nU8xxam3-py3.11/lib/python3.11/site-packages/_pytest/python.py:617: in _importtestmodule
    mod = import_path(self.path, mode=importmode, root=self.config.rootpath)
/root/.cache/pypoetry/virtualenvs/luminous-nix-nU8xxam3-py3.11/lib/python3.11/site-packages/_pytest/pathlib.py:567: in import_path
    importlib.import_module(module_name)
/usr/lib/python3.11/importlib/__init__.py:126: in import_module
    return _bootstrap._gcd_import(name[level:], package, level)
<frozen importlib._bootstrap>:1204: in _gcd_import
    ???
<frozen importlib._bootstrap>:1176: in _find_and_load
    ???
<frozen importlib._bootstrap>:1147: in _find_and_load_unlocked
    ???
<frozen importlib._bootstrap>:690: in _load_unlocked
    ???
/root/.cache/pypoetry/virtualenvs/luminous-nix-nU8xxam3-py3.11/lib/python3.11/site-packages/_pytest/assertion/rewrite.py:186: in exec_module
    exec(co, module.__dict__)
tests/unit/test_native_nix_backend.py:25: in <module>
    from luminous_nix.core.native_operations import (
E     File "/home/user/luminous-nix/src/luminous_nix/core/native_operations.py", line 556
E       2-5 seconds_ops = [
E           ^^^^^^^^^^^
E   SyntaxError: invalid syntax
_____________ ERROR collecting tests/unit/test_nix_integration.py ______________
/root/.cache/pypoetry/virtualenvs/luminous-nix-nU8xxam3-py3.11/lib/python3.11/site-packages/_pytest/python.py:617: in _importtestmodule
    mod = import_path(self.path, mode=importmode, root=self.config.rootpath)
/root/.cache/pypoetry/virtualenvs/luminous-nix-nU8xxam3-py3.11/lib/python3.11/site-packages/_pytest/pathlib.py:567: in import_path
    importlib.import_module(module_name)
/usr/lib/python3.11/importlib/__init__.py:126: in import_module
    return _bootstrap._gcd_import(name[level:], package, level)
<frozen importlib._bootstrap>:1204: in _gcd_import
    ???
<frozen importlib._bootstrap>:1176: in _find_and_load
    ???
<frozen importlib._bootstrap>:1147: in _find_and_load_unlocked
    ???
<frozen importlib._bootstrap>:690: in _load_unlocked
    ???
/root/.cache/pypoetry/virtualenvs/luminous-nix-nU8xxam3-py3.11/lib/python3.11/site-packages/_pytest/assertion/rewrite.py:186: in exec_module
    exec(co, module.__dict__)
tests/unit/test_nix_integration.py:19: in <module>
    from luminous_nix.core.nix_integration import (
src/luminous_nix/core/nix_integration.py:22: in <module>
    from luminous_nix.core.native_operations import (
E     File "/home/user/luminous-nix/src/luminous_nix/core/native_operations.py", line 556
E       2-5 seconds_ops = [
E           ^^^^^^^^^^^
E   SyntaxError: invalid syntax
__________ ERROR collecting tests/unit/test_nix_integration_clean.py ___________
tests/unit/test_nix_integration_clean.py:55: in <module>
    spec.loader.exec_module(nix_integration)
<frozen importlib._bootstrap_external>:936: in exec_module
    ???
<frozen importlib._bootstrap_external>:1073: in get_code
    ???
<frozen importlib._bootstrap_external>:1130: in get_data
    ???
E   FileNotFoundError: [Errno 2] No such file or directory: '/home/user/luminous-nix/backend/core/nix_integration.py'
______________ ERROR collecting tests/unit/test_plugin_manager.py ______________
src/luminous_nix/core/__init__.py:75: in <module>
    RealNixBackend = UnifiedNixBackend
E   NameError: name 'UnifiedNixBackend' is not defined

During handling of the above exception, another exception occurred:
tests/unit/test_plugin_manager.py:25: in <module>
    from core.plugin_manager import PluginManager, get_plugin_manager
src/luminous_nix/core/__init__.py:87: in <module>
    LuminousNixCore = UnifiedNixBackend
E   NameError: name 'UnifiedNixBackend' is not defined
___________ ERROR collecting tests/unit/test_voice_comprehensive.py ____________
ImportError while importing test module '/home/user/luminous-nix/tests/unit/test_voice_comprehensive.py'.
Hint: make sure your test modules/packages have valid Python names.
Traceback:
/root/.cache/pypoetry/virtualenvs/luminous-nix-nU8xxam3-py3.11/lib/python3.11/site-packages/_pytest/python.py:617: in _importtestmodule
    mod = import_path(self.path, mode=importmode, root=self.config.rootpath)
/root/.cache/pypoetry/virtualenvs/luminous-nix-nU8xxam3-py3.11/lib/python3.11/site-packages/_pytest/pathlib.py:567: in import_path
    importlib.import_module(module_name)
/usr/lib/python3.11/importlib/__init__.py:126: in import_module
    return _bootstrap._gcd_import(name[level:], package, level)
<frozen importlib._bootstrap>:1204: in _gcd_import
    ???
<frozen importlib._bootstrap>:1176: in _find_and_load
    ???
<frozen importlib._bootstrap>:1147: in _find_and_load_unlocked
    ???
<frozen importlib._bootstrap>:690: in _load_unlocked
    ???
/root/.cache/pypoetry/virtualenvs/luminous-nix-nU8xxam3-py3.11/lib/python3.11/site-packages/_pytest/assertion/rewrite.py:186: in exec_module
    exec(co, module.__dict__)
tests/unit/test_voice_comprehensive.py:14: in <module>
    from sacred_voice_interface import (
E   ModuleNotFoundError: No module named 'sacred_voice_interface'
_____________ ERROR collecting tests/v1.0/test_v1_core_features.py _____________
ImportError while importing test module '/home/user/luminous-nix/tests/v1.0/test_v1_core_features.py'.
Hint: make sure your test modules/packages have valid Python names.
Traceback:
/root/.cache/pypoetry/virtualenvs/luminous-nix-nU8xxam3-py3.11/lib/python3.11/site-packages/_pytest/python.py:617: in _importtestmodule
    mod = import_path(self.path, mode=importmode, root=self.config.rootpath)
/root/.cache/pypoetry/virtualenvs/luminous-nix-nU8xxam3-py3.11/lib/python3.11/site-packages/_pytest/pathlib.py:567: in import_path
    importlib.import_module(module_name)
/usr/lib/python3.11/importlib/__init__.py:126: in import_module
    return _bootstrap._gcd_import(name[level:], package, level)
<frozen importlib._bootstrap>:1204: in _gcd_import
    ???
<frozen importlib._bootstrap>:1176: in _find_and_load
    ???
<frozen importlib._bootstrap>:1147: in _find_and_load_unlocked
    ???
<frozen importlib._bootstrap>:690: in _load_unlocked
    ???
/root/.cache/pypoetry/virtualenvs/luminous-nix-nU8xxam3-py3.11/lib/python3.11/site-packages/_pytest/assertion/rewrite.py:186: in exec_module
    exec(co, module.__dict__)
tests/v1.0/test_v1_core_features.py:24: in <module>
    from luminous_nix.core import (
E   ImportError: cannot import name 'LuminousNixBackend' from 'luminous_nix.core' (/home/user/luminous-nix/src/luminous_nix/core/__init__.py)
=============================== warnings summary ===============================
src/luminous_nix/core/__init__.py:59
src/luminous_nix/core/__init__.py:59
  /home/user/luminous-nix/src/luminous_nix/core/__init__.py:59: UserWarning: Some unified modules not available: attempted relative import beyond top-level package
    warnings.warn(f"Some unified modules not available: {e}")

tests/voice/test_regex_safety.py:258
  /home/user/luminous-nix/tests/voice/test_regex_safety.py:258: PytestUnknownMarkWarning: Unknown pytest.mark.benchmark - is this a typo?  You can register custom marks to avoid this warning - for details, see https://docs.pytest.org/en/stable/how-to/mark.html
    @pytest.mark.benchmark

-- Docs: https://docs.pytest.org/en/stable/how-to/capture-warnings.html
=========================== short test summary info ============================
ERROR tests/e2e/test_persona_journeys.py
ERROR tests/integration/test_ai_nlp_integration.py
ERROR tests/integration/test_cli_backend_integration.py
ERROR tests/integration/test_cli_core_pipeline.py
ERROR tests/integration/test_error_intelligence_integration.py
ERROR tests/integration/test_native_operations_real.py
ERROR tests/integration/test_real_commands.py
ERROR tests/integration/test_real_nixos_operations.py
ERROR tests/integration/test_security_execution.py
ERROR tests/performance/test_breakthrough_metrics.py
ERROR tests/performance/test_native_api_performance.py
ERROR tests/test_utils/test_implementations.py
ERROR tests/unit/test_adaptive_voice.py
ERROR tests/unit/test_backend_core.py
ERROR tests/unit/test_core_types.py
ERROR tests/unit/test_educational_error_handler.py - FileNotFoundError: [Errn...
ERROR tests/unit/test_feedback_collector.py
ERROR tests/unit/test_flake_manager.py
ERROR tests/unit/test_hrm_use_cases.py
ERROR tests/unit/test_jsonrpc_server.py - NameError: name 'UnifiedNixBackend'...
ERROR tests/unit/test_knowledge_base.py
ERROR tests/unit/test_learning_feedback.py
ERROR tests/unit/test_monitor_coverage.py
ERROR tests/unit/test_native_nix_backend.py
ERROR tests/unit/test_nix_integration.py
ERROR tests/unit/test_nix_integration_clean.py - FileNotFoundError: [Errno 2]...
ERROR tests/unit/test_plugin_manager.py - NameError: name 'UnifiedNixBackend'...
ERROR tests/unit/test_voice_comprehensive.py
ERROR tests/v1.0/test_v1_core_features.py
!!!!!!!!!!!!!!!!!!! Interrupted: 29 errors during collection !!!!!!!!!!!!!!!!!!!
======================= 3 warnings, 29 errors in 51.45s ========================
